<?xml version="1.0" encoding="UTF-8"?>
<testsuite xmlns:xsi="http://www.w3.org/2001/XMLSchema-instance" xsi:noNamespaceSchemaLocation="https://maven.apache.org/surefire/maven-surefire-plugin/xsd/surefire-test-report.xsd" version="3.0.2" name="com.example.moviespring.MovieSpringApplicationTests" time="1.285" tests="1" errors="0" skipped="0" failures="0">
  <properties>
[...]
</properties>
  <testcase name="contextLoads" classname="com.example.moviespring.MovieSpringApplicationTests" time="0.386">
    <system-out><![CDATA[12:49:31.889 [main] INFO org.springframework.test.context.support.AnnotationConfigContextLoaderUtils -- Could not detect default configuration classes for test class [com.example.moviespring.MovieSpringApplicationTests]: MovieSpringApplicationTests does not declare any static, non-private, non-final, nested classes annotated with @Configuration.
12:49:31.941 [main] INFO org.springframework.boot.test.context.SpringBootTestContextBootstrapper -- Found @SpringBootConfiguration com.example.moviespring.MovieSpringApplication for test class com.example.moviespring.MovieSpringApplicationTests
12:49:32.019 [main] INFO org.springframework.boot.devtools.restart.RestartApplicationListener -- Restart disabled due to context in which it is running

  .   ____          _            __ _ _
 /\\ / ___'_ __ _ _(_)_ __  __ _ \ \ \ \
( ( )\___ | '_ | '_| | '_ \/ _` | \ \ \ \
 \\/  ___)| |_)| | | | | || (_| |  ) ) ) )
  '  |____| .__|_| |_|_| |_\__, | / / / /
 =========|_|==============|___/=/_/_/_/

 :: Spring Boot ::                (v4.0.2)

2026-02-26T12:49:32.143+01:00  INFO 24243 --- [           main] c.e.m.MovieSpringApplicationTests        : Starting MovieSpringApplicationTests using Java 17.0.18 with PID 24243 (started by luffe141 in /home/luffe141/Desktop/movie-analysis)
2026-02-26T12:49:32.145+01:00  INFO 24243 --- [           main] c.e.m.MovieSpringApplicationTests        : No active profile set, falling back to 1 default profile: "default"
2026-02-26T12:49:32.494+01:00  INFO 24243 --- [           main] o.s.b.w.a.WelcomePageHandlerMapping      : Adding welcome page template: index
2026-02-26T12:49:32.680+01:00  INFO 24243 --- [           main] c.e.m.MovieSpringApplicationTests        : Started MovieSpringApplicationTests in 0.665 seconds (process running for 1.239)
]]></system-out>
  </testcase>
</testsuite>